HospitalAppointment/app/build/intermediates/manifest_merge_blame_file/debug/manifest-merger-blame-debug-report.txt
1<?xml version="1.0" encoding="utf-8"?>
2<manifest xmlns:android="http://schemas.android.com/apk/res/android"
3    package="com.comkct.hospitalappointment"
4    android:versionCode="1"
5    android:versionName="1.0" >
6
7    <uses-sdk
8        android:minSdkVersion="19"
8-->src\main\AndroidManifest.xml
9        android:targetSdkVersion="29" />
9-->src\main\AndroidManifest.xml
10
11    <uses-permission android:name="android.permission.READ_EXTERNAL_STORAGE" />
11-->src\main\AndroidManifest.xml:5:5-80
11-->src\main\AndroidManifest.xml:5:22-77
12
13    <application
13-->src\main\AndroidManifest.xml:7:5-31:19
14        android:allowBackup="true"
14-->src\main\AndroidManifest.xml:8:9-35
15        android:appComponentFactory="androidx.core.app.CoreComponentFactory"
15-->[androidx.core:core:1.0.1] AndroidManifest.xml:22:18-86
16        android:debuggable="true"
17        android:icon="@mipmap/ic_launcher"
17-->src\main\AndroidManifest.xml:9:9-43
18        android:label="@string/app_name"
18-->src\main\AndroidManifest.xml:10:9-41
19        android:roundIcon="@mipmap/ic_launcher_round"
19-->src\main\AndroidManifest.xml:11:9-54
20        android:supportsRtl="true"
20-->src\main\AndroidManifest.xml:12:9-35
21        android:theme="@style/AppTheme" >
21-->src\main\AndroidManifest.xml:13:9-40
22        <activity android:name="com.comkct.hospitalappointment.Fileupload" />
22-->src\main\AndroidManifest.xml:14:9-57
22-->src\main\AndroidManifest.xml:14:19-45
23        <activity android:name="com.comkct.hospitalappointment.searchresults" />
23-->src\main\AndroidManifest.xml:15:9-51
23-->src\main\AndroidManifest.xml:15:19-48
24        <activity android:name="com.comkct.hospitalappointment.demo" />
24-->src\main\AndroidManifest.xml:16:9-42
24-->src\main\AndroidManifest.xml:16:19-39
25        <activity android:name="com.comkct.hospitalappointment.RegDoctor" />
25-->src\main\AndroidManifest.xml:17:9-47
25-->src\main\AndroidManifest.xml:17:19-44
26        <activity android:name="com.comkct.hospitalappointment.DetailTab" />
26-->src\main\AndroidManifest.xml:18:9-47
26-->src\main\AndroidManifest.xml:18:19-44
27        <activity android:name="com.comkct.hospitalappointment.Search_activity" />
27-->src\main\AndroidManifest.xml:19:9-53
27-->src\main\AndroidManifest.xml:19:19-50
28        <activity android:name="com.comkct.hospitalappointment.Choose_user" />
28-->src\main\AndroidManifest.xml:20:9-49
28-->src\main\AndroidManifest.xml:20:19-46
29        <activity android:name="com.comkct.hospitalappointment.Signup_doctor" />
29-->src\main\AndroidManifest.xml:21:9-51
29-->src\main\AndroidManifest.xml:21:19-48
30        <activity android:name="com.comkct.hospitalappointment.Signup_user" />
30-->src\main\AndroidManifest.xml:22:9-49
30-->src\main\AndroidManifest.xml:22:19-46
31        <activity android:name="com.comkct.hospitalappointment.Login_user" />
31-->src\main\AndroidManifest.xml:23:9-48
31-->src\main\AndroidManifest.xml:23:19-45
32        <activity android:name="com.comkct.hospitalappointment.MainActivity" >
32-->src\main\AndroidManifest.xml:24:9-30:20
32-->src\main\AndroidManifest.xml:24:19-47
33            <intent-filter>
33-->src\main\AndroidManifest.xml:25:13-29:29
34                <action android:name="android.intent.action.MAIN" />
34-->src\main\AndroidManifest.xml:26:17-69
34-->src\main\AndroidManifest.xml:26:25-66
35
36                <category android:name="android.intent.category.LAUNCHER" />
36-->src\main\AndroidManifest.xml:28:17-77
36-->src\main\AndroidManifest.xml:28:27-74
37            </intent-filter>
38        </activity>
39    </application>
40
41</manifest>